00:02:40.150 [main] INFO  Begin.driverintialization - https://www.amazon.in/#
00:02:40.250 [main] INFO  Begin.driverintialization - https://www.amazon.in/#
00:02:40.348 [main] INFO  Begin.driverintialization - https://www.amazon.in/b/ref=GW_auto_PC?ie=UTF8&node=14887745031&pf_rd_p=25b1b02d-12a8-415c-9812-f252150f2e77&pf_rd_r=EBN9P8ZHMMVYH6W4G16T
00:02:40.448 [main] INFO  Begin.driverintialization - https://www.amazon.in/b/ref=GW_auto_PC?ie=UTF8&node=5257478031&pf_rd_p=773aed11-03e0-44ba-9a60-69e7c4ab72d7&pf_rd_r=EBN9P8ZHMMVYH6W4G16T
00:02:40.539 [main] INFO  Begin.driverintialization - https://www.amazon.in/Amazon-Brand-Solimo-Foliage-Bedsheet/dp/B07712B762?pd_rd_w=j040e&pf_rd_p=1d19d684-cae6-4399-a4e7-ac1976be68f7&pf_rd_r=d7aed91e-eaaf-4892-abb7-f0959867a281&pd_rd_r=d7aed91e-eaaf-4892-abb7-f0959867a281&pd_rd_wg=JqskR&ref_=pd_gw_unk
00:02:40.635 [main] INFO  Begin.driverintialization - https://www.amazon.in/Trident-Comfort-Living-Cotton-Bedsheet/dp/B07BTQ4YML?pd_rd_w=j040e&pf_rd_p=1d19d684-cae6-4399-a4e7-ac1976be68f7&pf_rd_r=d7aed91e-eaaf-4892-abb7-f0959867a281&pd_rd_r=d7aed91e-eaaf-4892-abb7-f0959867a281&pd_rd_wg=JqskR&ref_=pd_gw_unk
00:02:40.727 [main] INFO  Begin.driverintialization - https://www.amazon.in/Amazon-Brand-Diamond-Bedsheet-Complimentary/dp/B076ZQLCQK?pd_rd_w=j040e&pf_rd_p=1d19d684-cae6-4399-a4e7-ac1976be68f7&pf_rd_r=d7aed91e-eaaf-4892-abb7-f0959867a281&pd_rd_r=d7aed91e-eaaf-4892-abb7-f0959867a281&pd_rd_wg=JqskR&ref_=pd_gw_unk
00:02:40.820 [main] INFO  Begin.driverintialization - https://www.amazon.in/Bombay-Dyeing-Element-Polycotton-Bedsheet/dp/B01DQVV5WG?pd_rd_w=j040e&pf_rd_p=1d19d684-cae6-4399-a4e7-ac1976be68f7&pf_rd_r=d7aed91e-eaaf-4892-abb7-f0959867a281&pd_rd_r=d7aed91e-eaaf-4892-abb7-f0959867a281&pd_rd_wg=JqskR&ref_=pd_gw_unk
00:02:40.915 [main] INFO  Begin.driverintialization - https://www.amazon.in/Swayam-Shades-Cotton-Single-Bedsheet/dp/B074H24Y68?pd_rd_w=j040e&pf_rd_p=1d19d684-cae6-4399-a4e7-ac1976be68f7&pf_rd_r=d7aed91e-eaaf-4892-abb7-f0959867a281&pd_rd_r=d7aed91e-eaaf-4892-abb7-f0959867a281&pd_rd_wg=JqskR&ref_=pd_gw_unk
00:02:41.009 [main] INFO  Begin.driverintialization - https://www.amazon.in/Trident-Designer-Traditional-Geometric-Cotton/dp/B012MYZ6RS?pd_rd_w=j040e&pf_rd_p=1d19d684-cae6-4399-a4e7-ac1976be68f7&pf_rd_r=d7aed91e-eaaf-4892-abb7-f0959867a281&pd_rd_r=d7aed91e-eaaf-4892-abb7-f0959867a281&pd_rd_wg=JqskR&ref_=pd_gw_unk
00:02:41.104 [main] INFO  Begin.driverintialization - https://www.amazon.in/Trident-Designer-Traditional-Geometric-Cotton/dp/B07CMZ6QRV?pd_rd_w=j040e&pf_rd_p=1d19d684-cae6-4399-a4e7-ac1976be68f7&pf_rd_r=d7aed91e-eaaf-4892-abb7-f0959867a281&pd_rd_r=d7aed91e-eaaf-4892-abb7-f0959867a281&pd_rd_wg=JqskR&ref_=pd_gw_unk
00:02:41.199 [main] INFO  Begin.driverintialization - https://www.amazon.in/Welhome-Snapshot-Cotton-Double-Bedsheet/dp/B01468QQJ0?pd_rd_w=j040e&pf_rd_p=1d19d684-cae6-4399-a4e7-ac1976be68f7&pf_rd_r=d7aed91e-eaaf-4892-abb7-f0959867a281&pd_rd_r=d7aed91e-eaaf-4892-abb7-f0959867a281&pd_rd_wg=JqskR&ref_=pd_gw_unk
00:02:41.295 [main] INFO  Begin.driverintialization - https://www.amazon.in/Bombay-Dyeing-Cotton-Double-Bedsheet/dp/B072Q3YV7Z?pd_rd_w=j040e&pf_rd_p=1d19d684-cae6-4399-a4e7-ac1976be68f7&pf_rd_r=d7aed91e-eaaf-4892-abb7-f0959867a281&pd_rd_r=d7aed91e-eaaf-4892-abb7-f0959867a281&pd_rd_wg=JqskR&ref_=pd_gw_unk
00:02:41.392 [main] INFO  Begin.driverintialization - https://www.amazon.in/Bombay-Dyeing-Breeze-Cotton-Bedsheet/dp/B07D8B5N7S?pd_rd_w=j040e&pf_rd_p=1d19d684-cae6-4399-a4e7-ac1976be68f7&pf_rd_r=d7aed91e-eaaf-4892-abb7-f0959867a281&pd_rd_r=d7aed91e-eaaf-4892-abb7-f0959867a281&pd_rd_wg=JqskR&ref_=pd_gw_unk
00:02:41.487 [main] INFO  Begin.driverintialization - https://www.amazon.in/Bombay-Dyeing-Beautiful-Elegant-Bedsheet/dp/B07F84GNZS?pd_rd_w=j040e&pf_rd_p=1d19d684-cae6-4399-a4e7-ac1976be68f7&pf_rd_r=d7aed91e-eaaf-4892-abb7-f0959867a281&pd_rd_r=d7aed91e-eaaf-4892-abb7-f0959867a281&pd_rd_wg=JqskR&ref_=pd_gw_unk
00:02:41.587 [main] INFO  Begin.driverintialization - https://www.amazon.in/#
00:02:41.683 [main] INFO  Begin.driverintialization - https://www.amazon.in/#
00:02:41.779 [main] ERROR Begin.driverintialization - Invalid URL spotted
00:02:41.879 [main] ERROR Begin.driverintialization - Invalid URL spotted
00:02:41.976 [main] ERROR Begin.driverintialization - Invalid URL spotted
00:02:42.075 [main] ERROR Begin.driverintialization - Invalid URL spotted
00:02:42.172 [main] INFO  Begin.driverintialization - 
00:02:42.275 [main] INFO  Begin.driverintialization - https://www.amazon.in/gp/yourstore/pym/ref=pd_pyml_rhf/258-9337458-9716246
00:02:42.373 [main] INFO  Begin.driverintialization - https://www.amazon.in/#nav-top
00:02:42.465 [main] INFO  Begin.driverintialization - https://www.aboutamazon.in/?utm_source=gateway&utm_medium=footer
00:02:42.558 [main] INFO  Begin.driverintialization - http://amazon.jobs/
00:02:42.654 [main] INFO  Begin.driverintialization - https://www.amazon.in/b/ref=footer_press?ie=UTF8&node=1592137031
00:02:42.750 [main] INFO  Begin.driverintialization - https://www.amazon.in/b/ref=footer_cares?ie=UTF8&node=8872558031
00:02:42.846 [main] INFO  Begin.driverintialization - https://www.amazon.in/Online-Charity/b/ref=footer_smile?ie=UTF8&node=4594605031
00:02:42.942 [main] INFO  Begin.driverintialization - http://www.amazon.in/gp/redirect.html/ref=footer_fb?location=http://www.facebook.com/AmazonIN&token=2075D5EAC7BB214089728E2183FD391706D41E94&6
00:02:43.036 [main] INFO  Begin.driverintialization - http://www.amazon.in/gp/redirect.html/ref=footer_twitter?location=http://twitter.com/AmazonIN&token=A309DFBFCB1E37A808FF531934855DC817F130B6&6
00:02:43.134 [main] INFO  Begin.driverintialization - http://www.amazon.in/gp/redirect.html?location=https://www.instagram.com/amazondotin&token=264882C912E9D005CB1D9B61F12E125D5DF9BFC7&source=standards
00:02:43.228 [main] INFO  Begin.driverintialization - https://www.amazon.in/selling/ref=nav_footer_sell
00:02:43.329 [main] INFO  Begin.driverintialization - https://www.amazon.in/gp/redirect.html/ref=footer_assoc?_encoding=UTF8&location=https%3A%2F%2Faffiliate-program.amazon.in%2F%3Futm_campaign%3Dassocshowcase%26utm_medium%3Dfooter%26utm_source%3DGW&source=standards&token=02DFC2EB401D4DB94AD857F5A4215D98B38C148F
00:02:43.430 [main] INFO  Begin.driverintialization - http://services.amazon.in/services/fulfilment-by-amazon/benefits.html/ref=az_footer_fba?ld=AWRGINFBAfooter
00:02:43.522 [main] INFO  Begin.driverintialization - https://advertising.amazon.in/?ref=Amz.in
00:02:43.621 [main] INFO  Begin.driverintialization - https://www.amazonpay.in/merchant
00:02:43.719 [main] INFO  Begin.driverintialization - https://www.amazon.in/gp/css/homepage.html/ref=footer_ya
00:02:43.813 [main] INFO  Begin.driverintialization - https://www.amazon.in/gp/css/returns/homepage.html/ref=footer_hy_f_4
00:02:43.911 [main] INFO  Begin.driverintialization - https://www.amazon.in/gp/help/customer/display.html/ref=footer_swc?ie=UTF8&nodeId=201083470
00:02:44.006 [main] INFO  Begin.driverintialization - https://www.amazon.in/b/ref=footer_mobapp?ie=UTF8&node=6967393031
00:02:44.102 [main] INFO  Begin.driverintialization - https://www.amazon.in/gp/BIT/theamazonapp/ref=footer_assistant_download_copy
00:02:44.194 [main] INFO  Begin.driverintialization - https://www.amazon.in/gp/help/customer/display.html/ref=footer_gw_m_b_he?ie=UTF8&nodeId=200507590
00:02:44.294 [main] INFO  Begin.driverintialization - https://www.amazon.in/ref=footer_logo
00:02:44.390 [main] INFO  Begin.driverintialization - http://www.amazon.com.au/ref=footer_au
00:02:44.485 [main] INFO  Begin.driverintialization - http://www.amazon.com.br/ref=footer_br
00:02:44.584 [main] INFO  Begin.driverintialization - http://www.amazon.ca/ref=footer_ca
00:02:44.683 [main] INFO  Begin.driverintialization - http://www.amazon.cn/ref=footer_cn
00:02:44.779 [main] INFO  Begin.driverintialization - http://www.amazon.fr/ref=footer_fr
00:02:44.878 [main] INFO  Begin.driverintialization - http://www.amazon.de/ref=footer_de
00:02:44.975 [main] INFO  Begin.driverintialization - http://www.amazon.it/ref=footer_it
00:02:45.076 [main] INFO  Begin.driverintialization - http://www.amazon.co.jp/ref=footer_jp
00:02:45.171 [main] INFO  Begin.driverintialization - http://www.amazon.com.mx/ref=footer_mx
00:02:45.266 [main] INFO  Begin.driverintialization - http://www.amazon.nl/ref=footer_nl
00:02:45.363 [main] INFO  Begin.driverintialization - http://www.amazon.es/ref=footer_es
00:02:45.457 [main] INFO  Begin.driverintialization - http://www.amazon.co.uk/ref=footer_uk
00:02:45.550 [main] INFO  Begin.driverintialization - http://www.amazon.com/ref=footer_us
00:02:45.648 [main] INFO  Begin.driverintialization - http://www.abebooks.com/
00:02:45.743 [main] INFO  Begin.driverintialization - http://aws.amazon.com/what-is-cloud-computing/?sc_channel=EL&sc_campaign=IN_amazonfooter
00:02:45.840 [main] INFO  Begin.driverintialization - http://www.audible.in/
00:02:45.936 [main] INFO  Begin.driverintialization - http://www.dpreview.in/
00:02:46.031 [main] INFO  Begin.driverintialization - https://www.imdb.com/
00:02:46.130 [main] INFO  Begin.driverintialization - http://www.junglee.com/
00:02:46.225 [main] INFO  Begin.driverintialization - http://www.look.com/
00:02:46.320 [main] INFO  Begin.driverintialization - http://www.shopbop.com/
00:02:46.412 [main] INFO  Begin.driverintialization - http://www.amazon.in/business?ref=footer_aingw
00:02:46.508 [main] INFO  Begin.driverintialization - https://www.souq.com/?ref=footer_souq
00:02:46.604 [main] INFO  Begin.driverintialization - http://www.amazon.in/now?ref=footer_amznow
00:02:46.700 [main] INFO  Begin.driverintialization - http://www.amazon.in/music/prime?ref=footer_apm
00:02:46.797 [main] INFO  Begin.driverintialization - https://www.amazon.in/gp/help/customer/display.html/ref=footer_cou?ie=UTF8&nodeId=200545940
00:02:46.895 [main] INFO  Begin.driverintialization - https://www.amazon.in/gp/help/customer/display.html/ref=footer_privacy?ie=UTF8&nodeId=200534380
