23:56:45.379 [main] INFO  Begin.driverintialization - https://www.amazon.in/Cadbury-Dairy-Milk-Miniatures-Chocolate/dp/B07F46MDKY?pd_rd_w=wNm1l&pf_rd_p=7925df71-5f0a-4f80-8149-993cb404c08a&pf_rd_r=88b211ae-1e3d-4738-aeab-0a489f8bf318&pd_rd_r=88b211ae-1e3d-4738-aeab-0a489f8bf318&pd_rd_wg=GUFl0&ref_=pd_gw_unk
23:56:45.500 [main] INFO  Begin.driverintialization - https://www.amazon.in/Cadbury-Celebrations-Premium-Assorted-Chocolate/dp/B07F2KKDD5?pd_rd_w=wNm1l&pf_rd_p=7925df71-5f0a-4f80-8149-993cb404c08a&pf_rd_r=88b211ae-1e3d-4738-aeab-0a489f8bf318&pd_rd_r=88b211ae-1e3d-4738-aeab-0a489f8bf318&pd_rd_wg=GUFl0&ref_=pd_gw_unk
23:56:45.622 [main] INFO  Begin.driverintialization - https://www.amazon.in/Cadbury-Dairy-Milk-Pralines-Chocolate/dp/B07F2GBJFC?pd_rd_w=wNm1l&pf_rd_p=7925df71-5f0a-4f80-8149-993cb404c08a&pf_rd_r=88b211ae-1e3d-4738-aeab-0a489f8bf318&pd_rd_r=88b211ae-1e3d-4738-aeab-0a489f8bf318&pd_rd_wg=GUFl0&ref_=pd_gw_unk
23:56:45.745 [main] INFO  Begin.driverintialization - https://www.amazon.in/4700BC-Nutty-Tuxedo-Chocolate-Popcorn/dp/B074DXB9SB?pd_rd_w=wNm1l&pf_rd_p=7925df71-5f0a-4f80-8149-993cb404c08a&pf_rd_r=88b211ae-1e3d-4738-aeab-0a489f8bf318&pd_rd_r=88b211ae-1e3d-4738-aeab-0a489f8bf318&pd_rd_wg=GUFl0&ref_=pd_gw_unk
23:56:45.866 [main] INFO  Begin.driverintialization - https://www.amazon.in/Ghasitaram-Gifts-Dryfruit-Box-400g/dp/B075HGVHLY?pd_rd_w=wNm1l&pf_rd_p=7925df71-5f0a-4f80-8149-993cb404c08a&pf_rd_r=88b211ae-1e3d-4738-aeab-0a489f8bf318&pd_rd_r=88b211ae-1e3d-4738-aeab-0a489f8bf318&pd_rd_wg=GUFl0&ref_=pd_gw_unk
23:56:45.981 [main] INFO  Begin.driverintialization - https://www.amazon.in/Snickers-Bounty-Chocolates-Mixed-Miniatures/dp/B01KZ4WL7K?pd_rd_w=wNm1l&pf_rd_p=7925df71-5f0a-4f80-8149-993cb404c08a&pf_rd_r=88b211ae-1e3d-4738-aeab-0a489f8bf318&pd_rd_r=88b211ae-1e3d-4738-aeab-0a489f8bf318&pd_rd_wg=GUFl0&ref_=pd_gw_unk
23:56:46.102 [main] INFO  Begin.driverintialization - https://www.amazon.in/Cadbury-Dairy-Milk-Pralines-Chocolate/dp/B07F2GBJFC?pd_rd_w=wNm1l&pf_rd_p=7925df71-5f0a-4f80-8149-993cb404c08a&pf_rd_r=88b211ae-1e3d-4738-aeab-0a489f8bf318&pd_rd_r=88b211ae-1e3d-4738-aeab-0a489f8bf318&pd_rd_wg=GUFl0&ref_=pd_gw_unk
23:56:46.220 [main] INFO  Begin.driverintialization - https://www.amazon.in/Nescaf%C3%A9-Classic-Coffee-100g-Free/dp/B01HOBPEKI?pd_rd_w=wNm1l&pf_rd_p=7925df71-5f0a-4f80-8149-993cb404c08a&pf_rd_r=88b211ae-1e3d-4738-aeab-0a489f8bf318&pd_rd_r=88b211ae-1e3d-4738-aeab-0a489f8bf318&pd_rd_wg=GUFl0&ref_=pd_gw_unk
23:56:46.340 [main] INFO  Begin.driverintialization - https://www.amazon.in/Ghasitaram-Gifts-Diwali-Sugarfree-Sweets/dp/B075L94XQ3?pd_rd_w=wNm1l&pf_rd_p=7925df71-5f0a-4f80-8149-993cb404c08a&pf_rd_r=88b211ae-1e3d-4738-aeab-0a489f8bf318&pd_rd_r=88b211ae-1e3d-4738-aeab-0a489f8bf318&pd_rd_wg=GUFl0&ref_=pd_gw_unk
23:56:46.464 [main] INFO  Begin.driverintialization - https://www.amazon.in/New-Tree-Protein-Roasted-NTC17CMB071/dp/B06XJ7J1WH?pd_rd_w=wNm1l&pf_rd_p=7925df71-5f0a-4f80-8149-993cb404c08a&pf_rd_r=88b211ae-1e3d-4738-aeab-0a489f8bf318&pd_rd_r=88b211ae-1e3d-4738-aeab-0a489f8bf318&pd_rd_wg=GUFl0&ref_=pd_gw_unk
23:56:46.578 [main] INFO  Begin.driverintialization - https://www.amazon.in/Haldirams-Kaju-Katli-500gm-Pack/dp/B079ZVW49X?pd_rd_w=wNm1l&pf_rd_p=7925df71-5f0a-4f80-8149-993cb404c08a&pf_rd_r=88b211ae-1e3d-4738-aeab-0a489f8bf318&pd_rd_r=88b211ae-1e3d-4738-aeab-0a489f8bf318&pd_rd_wg=GUFl0&ref_=pd_gw_unk
23:56:46.697 [main] INFO  Begin.driverintialization - https://www.amazon.in/Cadbury-Celebrations-Assorted-Chocolate-Gift/dp/B07F6C9992?pd_rd_w=wNm1l&pf_rd_p=7925df71-5f0a-4f80-8149-993cb404c08a&pf_rd_r=88b211ae-1e3d-4738-aeab-0a489f8bf318&pd_rd_r=88b211ae-1e3d-4738-aeab-0a489f8bf318&pd_rd_wg=GUFl0&ref_=pd_gw_unk
23:56:46.810 [main] INFO  Begin.driverintialization - https://www.amazon.in/#
23:56:46.938 [main] INFO  Begin.driverintialization - https://www.amazon.in/#
23:56:47.055 [main] ERROR Begin.driverintialization - Invalid URL spotted
23:56:47.180 [main] ERROR Begin.driverintialization - Invalid URL spotted
23:56:47.306 [main] ERROR Begin.driverintialization - Invalid URL spotted
23:56:47.424 [main] ERROR Begin.driverintialization - Invalid URL spotted
23:56:47.540 [main] INFO  Begin.driverintialization - 
23:56:47.661 [main] INFO  Begin.driverintialization - https://www.amazon.in/gp/yourstore/pym/ref=pd_pyml_rhf/259-8126451-4112910
23:56:47.776 [main] INFO  Begin.driverintialization - https://www.amazon.in/#nav-top
23:56:47.898 [main] INFO  Begin.driverintialization - https://www.aboutamazon.in/?utm_source=gateway&utm_medium=footer
23:56:48.024 [main] INFO  Begin.driverintialization - http://amazon.jobs/
23:56:48.142 [main] INFO  Begin.driverintialization - https://www.amazon.in/b/ref=footer_press?ie=UTF8&node=1592137031
23:56:48.262 [main] INFO  Begin.driverintialization - https://www.amazon.in/b/ref=footer_cares?ie=UTF8&node=8872558031
23:56:48.382 [main] INFO  Begin.driverintialization - https://www.amazon.in/Online-Charity/b/ref=footer_smile?ie=UTF8&node=4594605031
23:56:48.505 [main] INFO  Begin.driverintialization - http://www.amazon.in/gp/redirect.html/ref=footer_fb?location=http://www.facebook.com/AmazonIN&token=2075D5EAC7BB214089728E2183FD391706D41E94&6
23:56:48.623 [main] INFO  Begin.driverintialization - http://www.amazon.in/gp/redirect.html/ref=footer_twitter?location=http://twitter.com/AmazonIN&token=A309DFBFCB1E37A808FF531934855DC817F130B6&6
23:56:48.755 [main] INFO  Begin.driverintialization - http://www.amazon.in/gp/redirect.html?location=https://www.instagram.com/amazondotin&token=264882C912E9D005CB1D9B61F12E125D5DF9BFC7&source=standards
23:56:48.875 [main] INFO  Begin.driverintialization - https://www.amazon.in/selling/ref=nav_footer_sell
23:56:48.994 [main] INFO  Begin.driverintialization - https://www.amazon.in/gp/redirect.html/ref=footer_assoc?_encoding=UTF8&location=https%3A%2F%2Faffiliate-program.amazon.in%2F%3Futm_campaign%3Dassocshowcase%26utm_medium%3Dfooter%26utm_source%3DGW&source=standards&token=02DFC2EB401D4DB94AD857F5A4215D98B38C148F
23:56:49.110 [main] INFO  Begin.driverintialization - http://services.amazon.in/services/fulfilment-by-amazon/benefits.html/ref=az_footer_fba?ld=AWRGINFBAfooter
23:56:49.235 [main] INFO  Begin.driverintialization - https://advertising.amazon.in/?ref=Amz.in
23:56:49.353 [main] INFO  Begin.driverintialization - https://www.amazonpay.in/merchant
23:56:49.481 [main] INFO  Begin.driverintialization - https://www.amazon.in/gp/css/homepage.html/ref=footer_ya
23:56:49.613 [main] INFO  Begin.driverintialization - https://www.amazon.in/gp/css/returns/homepage.html/ref=footer_hy_f_4
23:56:49.737 [main] INFO  Begin.driverintialization - https://www.amazon.in/gp/help/customer/display.html/ref=footer_swc?ie=UTF8&nodeId=201083470
23:56:49.850 [main] INFO  Begin.driverintialization - https://www.amazon.in/b/ref=footer_mobapp?ie=UTF8&node=6967393031
23:56:49.969 [main] INFO  Begin.driverintialization - https://www.amazon.in/gp/BIT/theamazonapp/ref=footer_assistant_download_copy
23:56:50.085 [main] INFO  Begin.driverintialization - https://www.amazon.in/gp/help/customer/display.html/ref=footer_gw_m_b_he?ie=UTF8&nodeId=200507590
23:56:50.199 [main] INFO  Begin.driverintialization - https://www.amazon.in/ref=footer_logo
23:56:50.319 [main] INFO  Begin.driverintialization - http://www.amazon.com.au/ref=footer_au
23:56:50.438 [main] INFO  Begin.driverintialization - http://www.amazon.com.br/ref=footer_br
23:56:50.560 [main] INFO  Begin.driverintialization - http://www.amazon.ca/ref=footer_ca
23:56:50.692 [main] INFO  Begin.driverintialization - http://www.amazon.cn/ref=footer_cn
23:56:50.809 [main] INFO  Begin.driverintialization - http://www.amazon.fr/ref=footer_fr
23:56:50.934 [main] INFO  Begin.driverintialization - http://www.amazon.de/ref=footer_de
23:56:51.045 [main] INFO  Begin.driverintialization - http://www.amazon.it/ref=footer_it
23:56:51.159 [main] INFO  Begin.driverintialization - http://www.amazon.co.jp/ref=footer_jp
23:56:51.289 [main] INFO  Begin.driverintialization - http://www.amazon.com.mx/ref=footer_mx
23:56:51.408 [main] INFO  Begin.driverintialization - http://www.amazon.nl/ref=footer_nl
23:56:51.525 [main] INFO  Begin.driverintialization - http://www.amazon.es/ref=footer_es
23:56:51.638 [main] INFO  Begin.driverintialization - http://www.amazon.co.uk/ref=footer_uk
23:56:51.758 [main] INFO  Begin.driverintialization - http://www.amazon.com/ref=footer_us
23:56:51.877 [main] INFO  Begin.driverintialization - http://www.abebooks.com/
23:56:52.002 [main] INFO  Begin.driverintialization - http://aws.amazon.com/what-is-cloud-computing/?sc_channel=EL&sc_campaign=IN_amazonfooter
23:56:52.123 [main] INFO  Begin.driverintialization - http://www.audible.in/
23:56:52.242 [main] INFO  Begin.driverintialization - http://www.dpreview.in/
23:56:52.364 [main] INFO  Begin.driverintialization - https://www.imdb.com/
23:56:52.491 [main] INFO  Begin.driverintialization - http://www.junglee.com/
23:56:52.628 [main] INFO  Begin.driverintialization - http://www.look.com/
23:56:52.750 [main] INFO  Begin.driverintialization - http://www.shopbop.com/
23:56:52.862 [main] INFO  Begin.driverintialization - http://www.amazon.in/business?ref=footer_aingw
23:56:52.976 [main] INFO  Begin.driverintialization - https://www.souq.com/?ref=footer_souq
23:56:53.094 [main] INFO  Begin.driverintialization - http://www.amazon.in/now?ref=footer_amznow
23:56:53.211 [main] INFO  Begin.driverintialization - http://www.amazon.in/music/prime?ref=footer_apm
23:56:53.338 [main] INFO  Begin.driverintialization - https://www.amazon.in/gp/help/customer/display.html/ref=footer_cou?ie=UTF8&nodeId=200545940
23:56:53.456 [main] INFO  Begin.driverintialization - https://www.amazon.in/gp/help/customer/display.html/ref=footer_privacy?ie=UTF8&nodeId=200534380
23:56:53.575 [main] INFO  Begin.driverintialization - https://www.amazon.in/b/ref=footer_iba?ie=UTF8&node=6691071031
23:58:57.549 [main] INFO  Begin.driverintialization - Test Cases Passed
